<?xml version="1.0" encoding="UTF-8"?>
<testng-results skipped="0" failed="0" total="1" passed="1">
  <reporter-output>
  </reporter-output>
  <suite name="Default suite" duration-ms="37" started-at="2019-08-16T19:20:18Z" finished-at="2019-08-16T19:20:18Z">
    <groups>
    </groups>
    <test name="Default test" duration-ms="37" started-at="2019-08-16T19:20:18Z" finished-at="2019-08-16T19:20:18Z">
      <class name="AravindCalc.AravindCalc.TestCalc">
        <test-method status="PASS" signature="add_two_number()[pri:0, instance:null(AravindCalc.AravindCalc.TestCalc)]" name="add_two_number" duration-ms="17" started-at="2019-08-16T15:20:18Z" finished-at="2019-08-16T15:20:18Z">
          <reporter-output>
          </reporter-output>
        </test-method> <!-- add_two_number -->
      </class> <!-- AravindCalc.AravindCalc.TestCalc -->
    </test> <!-- Default test -->
  </suite> <!-- Default suite -->
</testng-results>
